<?xml version="1.0" encoding="UTF-8"?>
<testng-results skipped="0" failed="0" ignored="0" total="2" passed="2">
  <reporter-output>
  </reporter-output>
  <suite name="Suite" duration-ms="154" started-at="2022-03-09T10:02:17 EST" finished-at="2022-03-09T10:02:17 EST">
    <groups>
    </groups>
    <test name="Test" duration-ms="154" started-at="2022-03-09T10:02:17 EST" finished-at="2022-03-09T10:02:17 EST">
      <class name="SeleniumJava.AppiumTest">
        <test-method status="PASS" signature="AndroidApp()[pri:0, instance:SeleniumJava.AppiumTest@26a7b76d]" name="AndroidApp" duration-ms="23" started-at="2022-03-09T10:02:17 EST" finished-at="2022-03-09T10:02:17 EST">
          <reporter-output>
          </reporter-output>
        </test-method> <!-- AndroidApp -->
        <test-method status="PASS" signature="iOSApp()[pri:0, instance:SeleniumJava.AppiumTest@26a7b76d]" name="iOSApp" duration-ms="1" started-at="2022-03-09T10:02:17 EST" finished-at="2022-03-09T10:02:17 EST">
          <reporter-output>
          </reporter-output>
        </test-method> <!-- iOSApp -->
      </class> <!-- SeleniumJava.AppiumTest -->
    </test> <!-- Test -->
  </suite> <!-- Suite -->
</testng-results>
